[debug] [2022-05-28T05:33:28.927Z] ----------------------------------------------------------------------
[debug] [2022-05-28T05:33:28.932Z] Command:       /home/samuelitwaru/.nvm/versions/node/v16.13.2/bin/node /home/samuelitwaru/.nvm/versions/node/v16.13.2/bin/firebase deploy
[debug] [2022-05-28T05:33:28.934Z] CLI Version:   10.1.5
[debug] [2022-05-28T05:33:28.934Z] Platform:      linux
[debug] [2022-05-28T05:33:28.935Z] Node Version:  v16.13.2
[debug] [2022-05-28T05:33:29.007Z] Time:          Sat May 28 2022 08:33:28 GMT+0300 (East Africa Time)
[debug] [2022-05-28T05:33:29.007Z] ----------------------------------------------------------------------
[debug] 
[debug] [2022-05-28T05:33:29.255Z] > command requires scopes: ["email","openid","https://www.googleapis.com/auth/cloudplatformprojects.readonly","https://www.googleapis.com/auth/firebase","https://www.googleapis.com/auth/cloud-platform"]
[debug] [2022-05-28T05:33:29.256Z] > authorizing via signed-in user (samuelitwaru@gmail.com)
[debug] [2022-05-28T05:33:29.257Z] [iam] checking project wex-results for permissions ["firebase.projects.get","firebasehosting.sites.update"]
[debug] [2022-05-28T05:33:29.260Z] > refreshing access token with scopes: []
[debug] [2022-05-28T05:33:29.261Z] >>> HTTP REQUEST POST https://www.googleapis.com/oauth2/v3/token  
 <request body omitted>
[debug] [2022-05-28T05:33:33.028Z] <<< HTTP RESPONSE 200 {"expires":"Mon, 01 Jan 1990 00:00:00 GMT","pragma":"no-cache","cache-control":"no-cache, no-store, max-age=0, must-revalidate","date":"Sat, 28 May 2022 05:33:32 GMT","content-type":"application/json; charset=utf-8","vary":"X-Origin, Referer, Origin,Accept-Encoding","server":"scaffolding on HTTPServer2","x-xss-protection":"0","x-frame-options":"SAMEORIGIN","x-content-type-options":"nosniff","alt-svc":"h3=\":443\"; ma=2592000,h3-29=\":443\"; ma=2592000,h3-Q050=\":443\"; ma=2592000,h3-Q046=\":443\"; ma=2592000,h3-Q043=\":443\"; ma=2592000,quic=\":443\"; ma=2592000; v=\"46,43\"","accept-ranges":"none","transfer-encoding":"chunked"}
[debug] [2022-05-28T05:33:33.181Z] >>> [apiv2][query] POST https://cloudresourcemanager.googleapis.com/v1/projects/wex-results:testIamPermissions [none]
[debug] [2022-05-28T05:33:33.182Z] >>> [apiv2][body] POST https://cloudresourcemanager.googleapis.com/v1/projects/wex-results:testIamPermissions {"permissions":["firebase.projects.get","firebasehosting.sites.update"]}
[debug] [2022-05-28T05:33:38.050Z] <<< [apiv2][status] POST https://cloudresourcemanager.googleapis.com/v1/projects/wex-results:testIamPermissions 200
[debug] [2022-05-28T05:33:38.050Z] <<< [apiv2][body] POST https://cloudresourcemanager.googleapis.com/v1/projects/wex-results:testIamPermissions {"permissions":["firebase.projects.get","firebasehosting.sites.update"]}
[debug] [2022-05-28T05:33:38.054Z] >>> [apiv2][query] GET https://firebase.googleapis.com/v1beta1/projects/wex-results [none]
